2  [TARG]->invalid cost at:  "41 8467 634 0": CRITICAL 
34  [PADS]->invalid maximum target count at:  "0 23290": CRITICAL 
47  [LIMI]->missed one point. Expected :  2   3   /*cost*/. Got:  "3 3 4": CRITICAL 
47  [LIMI]->missed one point. Expected :  2   4   /*cost*/. Got:  "3 3 4": CRITICAL 
47  [LIMI]->missed one point. Expected :  3   1   /*cost*/. Got:  "3 3 4": CRITICAL 
47  [LIMI]->missed one point. Expected :  3   2   /*cost*/. Got:  "3 3 4": CRITICAL 
51  [LIMI]->missed one point. Expected :  4   3   /*cost*/. Got:  "/": CRITICAL 
51  [LIMI]->missed one point. Expected :  4   4   /*cost*/. Got:  "/": CRITICAL 

Wrong number of [LIMI] points received: expected  16 , got  10 . Difference:  6: CRITICAL 
3  [LIMI] out of bounds. Limits:  [ 0.5 ,  0.5 ].   [ 5.5 ,  5.5 ] Got:  [ 9169 ,  5724 ] : CRITICAL 
4  [LIMI] out of bounds. Limits:  [ 0.5 ,  0.5 ].   [ 5.5 ,  5.5 ] Got:  [ 6962 ,  4464 ] : CRITICAL 
5  [LIMI] out of bounds. Limits:  [ 0.5 ,  0.5 ].   [ 5.5 ,  5.5 ] Got:  [ 3281 ,  6827 ] : CRITICAL 
6  [LIMI] out of bounds. Limits:  [ 0.5 ,  0.5 ].   [ 5.5 ,  5.5 ] Got:  [ 2995 ,  1942 ] : CRITICAL 
7  [LIMI] out of bounds. Limits:  [ 0.5 ,  0.5 ].   [ 5.5 ,  5.5 ] Got:  [ 2391 ,  4604 ] : CRITICAL 
8  [LIMI] out of bounds. Limits:  [ 0.5 ,  0.5 ].   [ 5.5 ,  5.5 ] Got:  [ 292 ,  2382 ] : CRITICAL 
9  [LIMI] out of bounds. Limits:  [ 0.5 ,  0.5 ].   [ 5.5 ,  5.5 ] Got:  [ 9718 ,  9895 ] : CRITICAL 
10  [LIMI] out of bounds. Limits:  [ 0.5 ,  0.5 ].   [ 5.5 ,  5.5 ] Got:  [ 4771 ,  1538 ] : CRITICAL 
11  [LIMI] out of bounds. Limits:  [ 0.5 ,  0.5 ].   [ 5.5 ,  5.5 ] Got:  [ 5667 ,  6299 ] : CRITICAL 
12  [LIMI] out of bounds. Limits:  [ 0.5 ,  0.5 ].   [ 5.5 ,  5.5 ] Got:  [ 8703 ,  3811 ] : CRITICAL 
13  [LIMI] out of bounds. Limits:  [ 0.5 ,  0.5 ].   [ 5.5 ,  5.5 ] Got:  [ 7673 ,  4664 ] : CRITICAL 
14  [LIMI] out of bounds. Limits:  [ 0.5 ,  0.5 ].   [ 5.5 ,  5.5 ] Got:  [ 8253 ,  6868 ] : CRITICAL 
15  [LIMI] out of bounds. Limits:  [ 0.5 ,  0.5 ].   [ 5.5 ,  5.5 ] Got:  [ 2662 ,  2757 ] : CRITICAL 
16  [LIMI] out of bounds. Limits:  [ 0.5 ,  0.5 ].   [ 5.5 ,  5.5 ] Got:  [ 8723 ,  9741 ] : CRITICAL 
17  [LIMI] out of bounds. Limits:  [ 0.5 ,  0.5 ].   [ 5.5 ,  5.5 ] Got:  [ 2316 ,  3035 ] : CRITICAL 
18  [LIMI] out of bounds. Limits:  [ 0.5 ,  0.5 ].   [ 5.5 ,  5.5 ] Got:  [ 288 ,  106 ] : CRITICAL 
19  [LIMI] out of bounds. Limits:  [ 0.5 ,  0.5 ].   [ 5.5 ,  5.5 ] Got:  [ 9264 ,  2648 ] : CRITICAL 
20  [LIMI] out of bounds. Limits:  [ 0.5 ,  0.5 ].   [ 5.5 ,  5.5 ] Got:  [ 5890 ,  6729 ] : CRITICAL 
21  [LIMI] out of bounds. Limits:  [ 0.5 ,  0.5 ].   [ 5.5 ,  5.5 ] Got:  [ 5006 ,  1101 ] : CRITICAL 
22  [LIMI] out of bounds. Limits:  [ 0.5 ,  0.5 ].   [ 5.5 ,  5.5 ] Got:  [ 9629 ,  2623 ] : CRITICAL 
23  [LIMI] out of bounds. Limits:  [ 0.5 ,  0.5 ].   [ 5.5 ,  5.5 ] Got:  [ 8756 ,  1840 ] : CRITICAL 
24  [LIMI] out of bounds. Limits:  [ 0.5 ,  0.5 ].   [ 5.5 ,  5.5 ] Got:  [ 3931 ,  6308 ] : CRITICAL 
25  [LIMI] out of bounds. Limits:  [ 0.5 ,  0.5 ].   [ 5.5 ,  5.5 ] Got:  [ 4626 ,  1323 ] : CRITICAL 
26  [LIMI] out of bounds. Limits:  [ 0.5 ,  0.5 ].   [ 5.5 ,  5.5 ] Got:  [ 6118 ,  2082 ] : CRITICAL 
27  [LIMI] out of bounds. Limits:  [ 0.5 ,  0.5 ].   [ 5.5 ,  5.5 ] Got:  [ 4833 ,  1115 ] : CRITICAL 
28  [LIMI] out of bounds. Limits:  [ 0.5 ,  0.5 ].   [ 5.5 ,  5.5 ] Got:  [ 2704 ,  9930 ] : CRITICAL 
29  [LIMI] out of bounds. Limits:  [ 0.5 ,  0.5 ].   [ 5.5 ,  5.5 ] Got:  [ 1673 ,  2386 ] : CRITICAL 
30  [LIMI] out of bounds. Limits:  [ 0.5 ,  0.5 ].   [ 5.5 ,  5.5 ] Got:  [ 6924 ,  9072 ] : CRITICAL 
31  [LIMI] out of bounds. Limits:  [ 0.5 ,  0.5 ].   [ 5.5 ,  5.5 ] Got:  [ 6777 ,  5573 ] : CRITICAL 
